<?xml version="1.0" encoding="UTF-8"?>
<testsuite xmlns:xsi="http://www.w3.org/2001/XMLSchema-instance" xsi:noNamespaceSchemaLocation="https://maven.apache.org/surefire/maven-surefire-plugin/xsd/surefire-test-report.xsd" name="VendingMachineTest" time="0.204" tests="28" errors="0" skipped="0" failures="0">
  <properties>
[...]
</properties>
  <testcase name="givingProductNoMoneyOrTooBigChange" classname="VendingMachineTest" time="0.096"/>
  <testcase name="checkSettingNewPrices" classname="VendingMachineTest" time="0.001"/>
  <testcase name="checkGivingProduct2Exceptions" classname="VendingMachineTest" time="0.001"/>
  <testcase name="returnMoneyFirstAndSecondType" classname="VendingMachineTest" time="0.024"/>
  <testcase name="checkPuttingCoin1" classname="VendingMachineTest" time="0"/>
  <testcase name="checkPuttingCoin2" classname="VendingMachineTest" time="0"/>
  <testcase name="returningMoney" classname="VendingMachineTest" time="0"/>
  <testcase name="checkFillingFullProducts" classname="VendingMachineTest" time="0"/>
  <testcase name="checkAndExitEnteringTestMode" classname="VendingMachineTest" time="0"/>
  <testcase name="checkingReturningMoney" classname="VendingMachineTest" time="0"/>
  <testcase name="givingProduct1LackOfMoney" classname="VendingMachineTest" time="0.003"/>
  <testcase name="givingProduct2LackOfMoney" classname="VendingMachineTest" time="0"/>
  <testcase name="ridOfAllMoneyNotOnlySecondProduct1" classname="VendingMachineTest" time="0"/>
  <testcase name="ridOfAllMoneyNotOnlySecondProduct2" classname="VendingMachineTest" time="0"/>
  <testcase name="checkGivingProduct1Exceptions" classname="VendingMachineTest" time="0"/>
  <testcase name="checkGettingNumberOfProduct1" classname="VendingMachineTest" time="0.002"/>
  <testcase name="checkGettingNumberOfProduct2" classname="VendingMachineTest" time="0"/>
  <testcase name="givingProduct2NoMoneyOrTooBigChange" classname="VendingMachineTest" time="0"/>
  <testcase name="CheckGettingCurrentSum" classname="VendingMachineTest" time="0"/>
  <testcase name="checkMode" classname="VendingMachineTest" time="0.001"/>
  <testcase name="checkFillingCoins" classname="VendingMachineTest" time="0"/>
  <testcase name="checkPrice1" classname="VendingMachineTest" time="0.007"/>
  <testcase name="checkPrice2" classname="VendingMachineTest" time="0"/>
  <testcase name="checkCurrentBalance" classname="VendingMachineTest" time="0"/>
  <testcase name="givingProduct2OddEvenReturn" classname="VendingMachineTest" time="0"/>
  <testcase name="givingProduct1OddEvenReturn" classname="VendingMachineTest" time="0"/>
  <testcase name="checkGettingCoins1" classname="VendingMachineTest" time="0"/>
  <testcase name="checkGettingCoins2" classname="VendingMachineTest" time="0"/>
</testsuite>